<?xml version="1.0" encoding="UTF-8"?>
<testsuite xmlns:xsi="http://www.w3.org/2001/XMLSchema-instance" xsi:noNamespaceSchemaLocation="https://maven.apache.org/surefire/maven-surefire-plugin/xsd/surefire-test-report.xsd" name="org.example.CreateUserApiTest" time="5.54" tests="5" errors="0" skipped="0" failures="0">
  <properties>
    <property name="java.specification.version" value="21"/>
    <property name="sun.jnu.encoding" value="UTF-8"/>
    <property name="java.class.path" value="/Users/almatt/Desktop/Diplom/Diplom_2/target/test-classes:/Users/almatt/Desktop/Diplom/Diplom_2/target/classes:/Users/almatt/.m2/repository/io/rest-assured/rest-assured/5.0.0/rest-assured-5.0.0.jar:/Users/almatt/.m2/repository/org/apache/groovy/groovy/4.0.1/groovy-4.0.1.jar:/Users/almatt/.m2/repository/org/apache/groovy/groovy-xml/4.0.1/groovy-xml-4.0.1.jar:/Users/almatt/.m2/repository/org/apache/httpcomponents/httpclient/4.5.13/httpclient-4.5.13.jar:/Users/almatt/.m2/repository/org/apache/httpcomponents/httpcore/4.4.13/httpcore-4.4.13.jar:/Users/almatt/.m2/repository/commons-logging/commons-logging/1.2/commons-logging-1.2.jar:/Users/almatt/.m2/repository/commons-codec/commons-codec/1.11/commons-codec-1.11.jar:/Users/almatt/.m2/repository/org/apache/httpcomponents/httpmime/4.5.13/httpmime-4.5.13.jar:/Users/almatt/.m2/repository/org/hamcrest/hamcrest/2.1/hamcrest-2.1.jar:/Users/almatt/.m2/repository/org/ccil/cowan/tagsoup/tagsoup/1.2.1/tagsoup-1.2.1.jar:/Users/almatt/.m2/repository/io/rest-assured/json-path/5.0.0/json-path-5.0.0.jar:/Users/almatt/.m2/repository/org/apache/groovy/groovy-json/4.0.1/groovy-json-4.0.1.jar:/Users/almatt/.m2/repository/io/rest-assured/rest-assured-common/5.0.0/rest-assured-common-5.0.0.jar:/Users/almatt/.m2/repository/io/rest-assured/xml-path/5.0.0/xml-path-5.0.0.jar:/Users/almatt/.m2/repository/junit/junit/4.13.2/junit-4.13.2.jar:/Users/almatt/.m2/repository/org/hamcrest/hamcrest-core/1.3/hamcrest-core-1.3.jar:/Users/almatt/.m2/repository/io/qameta/allure/allure-junit4/2.15.0/allure-junit4-2.15.0.jar:/Users/almatt/.m2/repository/io/qameta/allure/allure-java-commons/2.15.0/allure-java-commons-2.15.0.jar:/Users/almatt/.m2/repository/org/slf4j/slf4j-api/1.7.30/slf4j-api-1.7.30.jar:/Users/almatt/.m2/repository/io/qameta/allure/allure-model/2.15.0/allure-model-2.15.0.jar:/Users/almatt/.m2/repository/io/qameta/allure/allure-rest-assured/2.15.0/allure-rest-assured-2.15.0.jar:/Users/almatt/.m2/repository/io/qameta/allure/allure-attachments/2.15.0/allure-attachments-2.15.0.jar:/Users/almatt/.m2/repository/org/freemarker/freemarker/2.3.31/freemarker-2.3.31.jar:/Users/almatt/.m2/repository/com/github/javafaker/javafaker/1.0.2/javafaker-1.0.2.jar:/Users/almatt/.m2/repository/org/apache/commons/commons-lang3/3.5/commons-lang3-3.5.jar:/Users/almatt/.m2/repository/org/yaml/snakeyaml/1.23/snakeyaml-1.23-android.jar:/Users/almatt/.m2/repository/com/github/mifmif/generex/1.0.2/generex-1.0.2.jar:/Users/almatt/.m2/repository/dk/brics/automaton/automaton/1.11-8/automaton-1.11-8.jar:/Users/almatt/.m2/repository/com/google/code/gson/gson/2.8.6/gson-2.8.6.jar:"/>
    <property name="java.vm.vendor" value="Amazon.com Inc."/>
    <property name="sun.arch.data.model" value="64"/>
    <property name="java.vendor.url" value="https://aws.amazon.com/corretto/"/>
    <property name="os.name" value="Mac OS X"/>
    <property name="java.vm.specification.version" value="21"/>
    <property name="sun.java.launcher" value="SUN_STANDARD"/>
    <property name="user.country" value="KZ"/>
    <property name="sun.boot.library.path" value="/Library/Java/JavaVirtualMachines/amazon-corretto-21.jdk/Contents/Home/lib"/>
    <property name="sun.java.command" value="/Users/almatt/Desktop/Diplom/Diplom_2/target/surefire/surefirebooter9016255174547882952.jar /Users/almatt/Desktop/Diplom/Diplom_2/target/surefire 2024-06-16T01-35-47_053-jvmRun1 surefire16976381512116031078tmp surefire_01971471125548820212tmp"/>
    <property name="http.nonProxyHosts" value="local|*.local|169.254/16|*.169.254/16"/>
    <property name="jdk.debug" value="release"/>
    <property name="surefire.test.class.path" value="/Users/almatt/Desktop/Diplom/Diplom_2/target/test-classes:/Users/almatt/Desktop/Diplom/Diplom_2/target/classes:/Users/almatt/.m2/repository/io/rest-assured/rest-assured/5.0.0/rest-assured-5.0.0.jar:/Users/almatt/.m2/repository/org/apache/groovy/groovy/4.0.1/groovy-4.0.1.jar:/Users/almatt/.m2/repository/org/apache/groovy/groovy-xml/4.0.1/groovy-xml-4.0.1.jar:/Users/almatt/.m2/repository/org/apache/httpcomponents/httpclient/4.5.13/httpclient-4.5.13.jar:/Users/almatt/.m2/repository/org/apache/httpcomponents/httpcore/4.4.13/httpcore-4.4.13.jar:/Users/almatt/.m2/repository/commons-logging/commons-logging/1.2/commons-logging-1.2.jar:/Users/almatt/.m2/repository/commons-codec/commons-codec/1.11/commons-codec-1.11.jar:/Users/almatt/.m2/repository/org/apache/httpcomponents/httpmime/4.5.13/httpmime-4.5.13.jar:/Users/almatt/.m2/repository/org/hamcrest/hamcrest/2.1/hamcrest-2.1.jar:/Users/almatt/.m2/repository/org/ccil/cowan/tagsoup/tagsoup/1.2.1/tagsoup-1.2.1.jar:/Users/almatt/.m2/repository/io/rest-assured/json-path/5.0.0/json-path-5.0.0.jar:/Users/almatt/.m2/repository/org/apache/groovy/groovy-json/4.0.1/groovy-json-4.0.1.jar:/Users/almatt/.m2/repository/io/rest-assured/rest-assured-common/5.0.0/rest-assured-common-5.0.0.jar:/Users/almatt/.m2/repository/io/rest-assured/xml-path/5.0.0/xml-path-5.0.0.jar:/Users/almatt/.m2/repository/junit/junit/4.13.2/junit-4.13.2.jar:/Users/almatt/.m2/repository/org/hamcrest/hamcrest-core/1.3/hamcrest-core-1.3.jar:/Users/almatt/.m2/repository/io/qameta/allure/allure-junit4/2.15.0/allure-junit4-2.15.0.jar:/Users/almatt/.m2/repository/io/qameta/allure/allure-java-commons/2.15.0/allure-java-commons-2.15.0.jar:/Users/almatt/.m2/repository/org/slf4j/slf4j-api/1.7.30/slf4j-api-1.7.30.jar:/Users/almatt/.m2/repository/io/qameta/allure/allure-model/2.15.0/allure-model-2.15.0.jar:/Users/almatt/.m2/repository/io/qameta/allure/allure-rest-assured/2.15.0/allure-rest-assured-2.15.0.jar:/Users/almatt/.m2/repository/io/qameta/allure/allure-attachments/2.15.0/allure-attachments-2.15.0.jar:/Users/almatt/.m2/repository/org/freemarker/freemarker/2.3.31/freemarker-2.3.31.jar:/Users/almatt/.m2/repository/com/github/javafaker/javafaker/1.0.2/javafaker-1.0.2.jar:/Users/almatt/.m2/repository/org/apache/commons/commons-lang3/3.5/commons-lang3-3.5.jar:/Users/almatt/.m2/repository/org/yaml/snakeyaml/1.23/snakeyaml-1.23-android.jar:/Users/almatt/.m2/repository/com/github/mifmif/generex/1.0.2/generex-1.0.2.jar:/Users/almatt/.m2/repository/dk/brics/automaton/automaton/1.11-8/automaton-1.11-8.jar:/Users/almatt/.m2/repository/com/google/code/gson/gson/2.8.6/gson-2.8.6.jar:"/>
    <property name="allure.results.directory" value="/Users/almatt/Desktop/Diplom/Diplom_2/target/allure-results"/>
    <property name="sun.cpu.endian" value="little"/>
    <property name="user.home" value="/Users/almatt"/>
    <property name="user.language" value="ru"/>
    <property name="java.specification.vendor" value="Oracle Corporation"/>
    <property name="java.version.date" value="2023-10-17"/>
    <property name="java.home" value="/Library/Java/JavaVirtualMachines/amazon-corretto-21.jdk/Contents/Home"/>
    <property name="file.separator" value="/"/>
    <property name="basedir" value="/Users/almatt/Desktop/Diplom/Diplom_2"/>
    <property name="java.vm.compressedOopsMode" value="Zero based"/>
    <property name="line.separator" value="&#10;"/>
    <property name="java.vm.specification.vendor" value="Oracle Corporation"/>
    <property name="java.specification.name" value="Java Platform API Specification"/>
    <property name="apple.awt.application.name" value="ForkedBooter"/>
    <property name="surefire.real.class.path" value="/Users/almatt/Desktop/Diplom/Diplom_2/target/surefire/surefirebooter9016255174547882952.jar"/>
    <property name="sun.management.compiler" value="HotSpot 64-Bit Tiered Compilers"/>
    <property name="ftp.nonProxyHosts" value="local|*.local|169.254/16|*.169.254/16"/>
    <property name="java.runtime.version" value="21.0.1+12-LTS"/>
    <property name="user.name" value="almatt"/>
    <property name="stdout.encoding" value="US-ASCII"/>
    <property name="path.separator" value=":"/>
    <property name="os.version" value="14.2.1"/>
    <property name="java.runtime.name" value="OpenJDK Runtime Environment"/>
    <property name="file.encoding" value="UTF-8"/>
    <property name="java.vm.name" value="OpenJDK 64-Bit Server VM"/>
    <property name="java.vendor.version" value="Corretto-21.0.1.12.1"/>
    <property name="localRepository" value="/Users/almatt/.m2/repository"/>
    <property name="java.vendor.url.bug" value="https://github.com/corretto/corretto-21/issues/"/>
    <property name="java.io.tmpdir" value="/var/folders/pq/j9sdqbx95n77_6v89bwxckvh0000gn/T/"/>
    <property name="idea.version" value="2023.3.2"/>
    <property name="java.version" value="21.0.1"/>
    <property name="user.dir" value="/Users/almatt/Desktop/Diplom/Diplom_2"/>
    <property name="os.arch" value="aarch64"/>
    <property name="java.vm.specification.name" value="Java Virtual Machine Specification"/>
    <property name="native.encoding" value="US-ASCII"/>
    <property name="java.library.path" value="/Users/almatt/Library/Java/Extensions:/Library/Java/Extensions:/Network/Library/Java/Extensions:/System/Library/Java/Extensions:/usr/lib/java:."/>
    <property name="java.vm.info" value="mixed mode, sharing"/>
    <property name="stderr.encoding" value="US-ASCII"/>
    <property name="java.vendor" value="Amazon.com Inc."/>
    <property name="java.vm.version" value="21.0.1+12-LTS"/>
    <property name="sun.io.unicode.encoding" value="UnicodeBig"/>
    <property name="socksNonProxyHosts" value="local|*.local|169.254/16|*.169.254/16"/>
    <property name="java.class.version" value="65.0"/>
  </properties>
  <testcase name="createUserTestWithoutPassword" classname="org.example.CreateUserApiTest" time="2.033"/>
  <testcase name="createUserTestWithoutName" classname="org.example.CreateUserApiTest" time="0.295"/>
  <testcase name="createExistUserTest" classname="org.example.CreateUserApiTest" time="1.676"/>
  <testcase name="createUserSuccessTest" classname="org.example.CreateUserApiTest" time="1.015"/>
  <testcase name="createUserTestWithoutEmail" classname="org.example.CreateUserApiTest" time="0.433"/>
</testsuite>